{"/mnt/d/Moe/Progranist/Hexlet/Tests/hexlet-jest/src/index.js": {"path":"/mnt/d/Moe/Progranist/Hexlet/Tests/hexlet-jest/src/index.js","statementMap":{"0":{"start":{"line":3,"column":2},"end":{"line":3,"column":42}}},"fnMap":{"0":{"name":"string","decl":{"start":{"line":2,"column":24},"end":{"line":2,"column":30}},"loc":{"start":{"line":2,"column":36},"end":{"line":4,"column":1}},"line":2}},"branchMap":{},"s":{"0":2},"f":{"0":2},"b":{},"_coverageSchema":"1a1c01bbd47fc00a2c39e90264f33305004495a9","hash":"7357624275dde87706217829711b4a43405fa5ff"}
}
