{"/mnt/d/Moe/Progranist/Hexlet/Tests/hexlet-jest/src/index.js": {"path":"/mnt/d/Moe/Progranist/Hexlet/Tests/hexlet-jest/src/index.js","statementMap":{"0":{"start":{"line":3,"column":2},"end":{"line":3,"column":42}},"1":{"start":{"line":6,"column":0},"end":{"line":6,"column":24}}},"fnMap":{"0":{"name":"string","decl":{"start":{"line":2,"column":9},"end":{"line":2,"column":15}},"loc":{"start":{"line":2,"column":21},"end":{"line":4,"column":1}},"line":2}},"branchMap":{},"s":{"0":2,"1":1},"f":{"0":2},"b":{},"_coverageSchema":"1a1c01bbd47fc00a2c39e90264f33305004495a9","hash":"036a3646b0ba51ab40f5753724b9ed69645d3350"}
}
